<?xml version="1.0" encoding="UTF-8"?>
<testsuite xmlns:xsi="http://www.w3.org/2001/XMLSchema-instance" xsi:noNamespaceSchemaLocation="https://maven.apache.org/surefire/maven-surefire-plugin/xsd/surefire-test-report.xsd" version="3.0.2" name="lipid.ElutionOrderTest" time="0.039" tests="6" errors="0" skipped="0" failures="0">
  <properties>
    <property name="java.specification.version" value="24"/>
    <property name="sun.cpu.isalist" value="amd64"/>
    <property name="sun.jnu.encoding" value="Cp1252"/>
    <property name="java.class.path" value="C:\Users\javih\Desktop\local\target\test-classes;C:\Users\javih\Desktop\local\target\classes;C:\Users\javih\.m2\repository\org\drools\drools-ruleunits-engine\10.0.0\drools-ruleunits-engine-10.0.0.jar;C:\Users\javih\.m2\repository\org\drools\drools-ruleunits-dsl\10.0.0\drools-ruleunits-dsl-10.0.0.jar;C:\Users\javih\.m2\repository\org\drools\drools-canonical-model\10.0.0\drools-canonical-model-10.0.0.jar;C:\Users\javih\.m2\repository\org\drools\drools-model-compiler\10.0.0\drools-model-compiler-10.0.0.jar;C:\Users\javih\.m2\repository\org\kie\kie-util-maven-support\10.0.0\kie-util-maven-support-10.0.0.jar;C:\Users\javih\.m2\repository\org\drools\drools-core\10.0.0\drools-core-10.0.0.jar;C:\Users\javih\.m2\repository\org\kie\kie-util-xml\10.0.0\kie-util-xml-10.0.0.jar;C:\Users\javih\.m2\repository\org\drools\drools-base\10.0.0\drools-base-10.0.0.jar;C:\Users\javih\.m2\repository\org\drools\drools-wiring-static\10.0.0\drools-wiring-static-10.0.0.jar;C:\Users\javih\.m2\repository\org\drools\drools-io\10.0.0\drools-io-10.0.0.jar;C:\Users\javih\.m2\repository\commons-codec\commons-codec\1.16.1\commons-codec-1.16.1.jar;C:\Users\javih\.m2\repository\org\drools\drools-compiler\10.0.0\drools-compiler-10.0.0.jar;C:\Users\javih\.m2\repository\org\drools\drools-drl-parser\10.0.0\drools-drl-parser-10.0.0.jar;C:\Users\javih\.m2\repository\org\drools\drools-drl-extensions\10.0.0\drools-drl-extensions-10.0.0.jar;C:\Users\javih\.m2\repository\org\drools\drools-drl-ast\10.0.0\drools-drl-ast-10.0.0.jar;C:\Users\javih\.m2\repository\org\drools\drools-kiesession\10.0.0\drools-kiesession-10.0.0.jar;C:\Users\javih\.m2\repository\org\drools\drools-ecj\10.0.0\drools-ecj-10.0.0.jar;C:\Users\javih\.m2\repository\org\eclipse\jdt\ecj\3.33.0\ecj-3.33.0.jar;C:\Users\javih\.m2\repository\org\antlr\antlr-runtime\3.5.2\antlr-runtime-3.5.2.jar;C:\Users\javih\.m2\repository\org\drools\drools-ruleunits-impl\10.0.0\drools-ruleunits-impl-10.0.0.jar;C:\Users\javih\.m2\repository\org\drools\drools-ruleunits-api\10.0.0\drools-ruleunits-api-10.0.0.jar;C:\Users\javih\.m2\repository\org\drools\drools-model-codegen\10.0.0\drools-model-codegen-10.0.0.jar;C:\Users\javih\.m2\repository\org\drools\drools-codegen-common\10.0.0\drools-codegen-common-10.0.0.jar;C:\Users\javih\.m2\repository\org\drools\drools-model-prototype\10.0.0\drools-model-prototype-10.0.0.jar;C:\Users\javih\.m2\repository\com\github\javaparser\javaparser-core\3.25.8\javaparser-core-3.25.8.jar;C:\Users\javih\.m2\repository\org\drools\drools-mvel-parser\10.0.0\drools-mvel-parser-10.0.0.jar;C:\Users\javih\.m2\repository\org\drools\drools-mvel-compiler\10.0.0\drools-mvel-compiler-10.0.0.jar;C:\Users\javih\.m2\repository\junit\junit\4.13.2\junit-4.13.2.jar;C:\Users\javih\.m2\repository\org\hamcrest\hamcrest-core\1.3\hamcrest-core-1.3.jar;C:\Users\javih\.m2\repository\org\slf4j\slf4j-api\2.0.17\slf4j-api-2.0.17.jar;C:\Users\javih\.m2\repository\ch\qos\logback\logback-classic\1.5.17\logback-classic-1.5.17.jar;C:\Users\javih\.m2\repository\ch\qos\logback\logback-core\1.5.17\logback-core-1.5.17.jar;C:\Users\javih\.m2\repository\org\drools\drools-wiring-dynamic\10.0.0\drools-wiring-dynamic-10.0.0.jar;C:\Users\javih\.m2\repository\org\drools\drools-wiring-api\10.0.0\drools-wiring-api-10.0.0.jar;C:\Users\javih\.m2\repository\org\kie\kie-memory-compiler\10.0.0\kie-memory-compiler-10.0.0.jar;C:\Users\javih\.m2\repository\org\drools\drools-util\10.0.0\drools-util-10.0.0.jar;C:\Users\javih\.m2\repository\org\kie\kie-api\10.0.0\kie-api-10.0.0.jar;C:\Users\javih\.m2\repository\org\kie\kie-internal\10.0.0\kie-internal-10.0.0.jar;"/>
    <property name="java.vm.vendor" value="Oracle Corporation"/>
    <property name="sun.arch.data.model" value="64"/>
    <property name="user.variant" value=""/>
    <property name="java.vendor.url" value="https://java.oracle.com/"/>
    <property name="user.timezone" value="Europe/Madrid"/>
    <property name="os.name" value="Windows 11"/>
    <property name="java.vm.specification.version" value="24"/>
    <property name="sun.java.launcher" value="SUN_STANDARD"/>
    <property name="user.country" value="ES"/>
    <property name="sun.boot.library.path" value="C:\Users\javih\.jdks\openjdk-24\bin"/>
    <property name="sun.java.command" value="C:\Users\javih\AppData\Local\Temp\surefire17042305801508530921\surefirebooter-20250517123717688_3.jar C:\Users\javih\AppData\Local\Temp\surefire17042305801508530921 2025-05-17T12-37-17_472-jvmRun1 surefire-20250517123717688_1tmp surefire_0-20250517123717688_2tmp"/>
    <property name="jdk.debug" value="release"/>
    <property name="surefire.test.class.path" value="C:\Users\javih\Desktop\local\target\test-classes;C:\Users\javih\Desktop\local\target\classes;C:\Users\javih\.m2\repository\org\drools\drools-ruleunits-engine\10.0.0\drools-ruleunits-engine-10.0.0.jar;C:\Users\javih\.m2\repository\org\drools\drools-ruleunits-dsl\10.0.0\drools-ruleunits-dsl-10.0.0.jar;C:\Users\javih\.m2\repository\org\drools\drools-canonical-model\10.0.0\drools-canonical-model-10.0.0.jar;C:\Users\javih\.m2\repository\org\drools\drools-model-compiler\10.0.0\drools-model-compiler-10.0.0.jar;C:\Users\javih\.m2\repository\org\kie\kie-util-maven-support\10.0.0\kie-util-maven-support-10.0.0.jar;C:\Users\javih\.m2\repository\org\drools\drools-core\10.0.0\drools-core-10.0.0.jar;C:\Users\javih\.m2\repository\org\kie\kie-util-xml\10.0.0\kie-util-xml-10.0.0.jar;C:\Users\javih\.m2\repository\org\drools\drools-base\10.0.0\drools-base-10.0.0.jar;C:\Users\javih\.m2\repository\org\drools\drools-wiring-static\10.0.0\drools-wiring-static-10.0.0.jar;C:\Users\javih\.m2\repository\org\drools\drools-io\10.0.0\drools-io-10.0.0.jar;C:\Users\javih\.m2\repository\commons-codec\commons-codec\1.16.1\commons-codec-1.16.1.jar;C:\Users\javih\.m2\repository\org\drools\drools-compiler\10.0.0\drools-compiler-10.0.0.jar;C:\Users\javih\.m2\repository\org\drools\drools-drl-parser\10.0.0\drools-drl-parser-10.0.0.jar;C:\Users\javih\.m2\repository\org\drools\drools-drl-extensions\10.0.0\drools-drl-extensions-10.0.0.jar;C:\Users\javih\.m2\repository\org\drools\drools-drl-ast\10.0.0\drools-drl-ast-10.0.0.jar;C:\Users\javih\.m2\repository\org\drools\drools-kiesession\10.0.0\drools-kiesession-10.0.0.jar;C:\Users\javih\.m2\repository\org\drools\drools-ecj\10.0.0\drools-ecj-10.0.0.jar;C:\Users\javih\.m2\repository\org\eclipse\jdt\ecj\3.33.0\ecj-3.33.0.jar;C:\Users\javih\.m2\repository\org\antlr\antlr-runtime\3.5.2\antlr-runtime-3.5.2.jar;C:\Users\javih\.m2\repository\org\drools\drools-ruleunits-impl\10.0.0\drools-ruleunits-impl-10.0.0.jar;C:\Users\javih\.m2\repository\org\drools\drools-ruleunits-api\10.0.0\drools-ruleunits-api-10.0.0.jar;C:\Users\javih\.m2\repository\org\drools\drools-model-codegen\10.0.0\drools-model-codegen-10.0.0.jar;C:\Users\javih\.m2\repository\org\drools\drools-codegen-common\10.0.0\drools-codegen-common-10.0.0.jar;C:\Users\javih\.m2\repository\org\drools\drools-model-prototype\10.0.0\drools-model-prototype-10.0.0.jar;C:\Users\javih\.m2\repository\com\github\javaparser\javaparser-core\3.25.8\javaparser-core-3.25.8.jar;C:\Users\javih\.m2\repository\org\drools\drools-mvel-parser\10.0.0\drools-mvel-parser-10.0.0.jar;C:\Users\javih\.m2\repository\org\drools\drools-mvel-compiler\10.0.0\drools-mvel-compiler-10.0.0.jar;C:\Users\javih\.m2\repository\junit\junit\4.13.2\junit-4.13.2.jar;C:\Users\javih\.m2\repository\org\hamcrest\hamcrest-core\1.3\hamcrest-core-1.3.jar;C:\Users\javih\.m2\repository\org\slf4j\slf4j-api\2.0.17\slf4j-api-2.0.17.jar;C:\Users\javih\.m2\repository\ch\qos\logback\logback-classic\1.5.17\logback-classic-1.5.17.jar;C:\Users\javih\.m2\repository\ch\qos\logback\logback-core\1.5.17\logback-core-1.5.17.jar;C:\Users\javih\.m2\repository\org\drools\drools-wiring-dynamic\10.0.0\drools-wiring-dynamic-10.0.0.jar;C:\Users\javih\.m2\repository\org\drools\drools-wiring-api\10.0.0\drools-wiring-api-10.0.0.jar;C:\Users\javih\.m2\repository\org\kie\kie-memory-compiler\10.0.0\kie-memory-compiler-10.0.0.jar;C:\Users\javih\.m2\repository\org\drools\drools-util\10.0.0\drools-util-10.0.0.jar;C:\Users\javih\.m2\repository\org\kie\kie-api\10.0.0\kie-api-10.0.0.jar;C:\Users\javih\.m2\repository\org\kie\kie-internal\10.0.0\kie-internal-10.0.0.jar;"/>
    <property name="sun.cpu.endian" value="little"/>
    <property name="user.home" value="C:\Users\javih"/>
    <property name="user.language" value="es"/>
    <property name="java.specification.vendor" value="Oracle Corporation"/>
    <property name="java.version.date" value="2025-03-18"/>
    <property name="java.home" value="C:\Users\javih\.jdks\openjdk-24"/>
    <property name="file.separator" value="\"/>
    <property name="basedir" value="C:\Users\javih\Desktop\local"/>
    <property name="java.vm.compressedOopsMode" value="Zero based"/>
    <property name="line.separator" value="&#10;"/>
    <property name="java.vm.specification.vendor" value="Oracle Corporation"/>
    <property name="java.specification.name" value="Java Platform API Specification"/>
    <property name="surefire.real.class.path" value="C:\Users\javih\AppData\Local\Temp\surefire17042305801508530921\surefirebooter-20250517123717688_3.jar"/>
    <property name="user.script" value=""/>
    <property name="sun.management.compiler" value="HotSpot 64-Bit Tiered Compilers"/>
    <property name="java.runtime.version" value="24+36-3646"/>
    <property name="user.name" value="javih"/>
    <property name="stdout.encoding" value="Cp1252"/>
    <property name="path.separator" value=";"/>
    <property name="os.version" value="10.0"/>
    <property name="java.runtime.name" value="OpenJDK Runtime Environment"/>
    <property name="file.encoding" value="UTF-8"/>
    <property name="java.vm.name" value="OpenJDK 64-Bit Server VM"/>
    <property name="localRepository" value="C:\Users\javih\.m2\repository"/>
    <property name="java.vendor.url.bug" value="https://bugreport.java.com/bugreport/"/>
    <property name="java.io.tmpdir" value="C:\Users\javih\AppData\Local\Temp\"/>
    <property name="idea.version" value="2024.3.4.1"/>
    <property name="java.version" value="24"/>
    <property name="user.dir" value="C:\Users\javih\Desktop\local"/>
    <property name="os.arch" value="amd64"/>
    <property name="java.vm.specification.name" value="Java Virtual Machine Specification"/>
    <property name="sun.os.patch.level" value=""/>
    <property name="native.encoding" value="Cp1252"/>
    <property name="java.library.path" value="C:\Users\javih\.jdks\openjdk-24\bin;C:\WINDOWS\Sun\Java\bin;C:\WINDOWS\system32;C:\WINDOWS;C:\Program Files (x86)\VMware\VMware Workstation\bin\;C:\WINDOWS\system32;C:\WINDOWS;C:\WINDOWS\System32\Wbem;C:\WINDOWS\System32\WindowsPowerShell\v1.0\;C:\WINDOWS\System32\OpenSSH\;C:\Program Files (x86)\NVIDIA Corporation\PhysX\Common;C:\Program Files\NVIDIA Corporation\NVIDIA NvDLISR;C:\Program Files\Git\cmd;C:\Program Files\PuTTY\;C:\Program Files\nodejs\;C:\Users\javih\AppData\Local\Programs\Eclipse Adoptium\jdk-21.0.6.7-hotspot\bin;C:\Users\javih\AppData\Local\Programs\Eclipse Adoptium\jdk-17.0.14.7-hotspot\bin;C:\Program Files (x86)\VMware\VMware Workstation\bin\;C:\WINDOWS\system32;C:\WINDOWS;C:\WINDOWS\System32\Wbem;C:\WINDOWS\System32\WindowsPowerShell\v1.0\;C:\WINDOWS\System32\OpenSSH\;C:\Program Files (x86)\NVIDIA Corporation\PhysX\Common;C:\Program Files\NVIDIA Corporation\NVIDIA NvDLISR;C:\Program Files\Git\cmd;C:\Program Files\nodejs\;C:\Program Files\PuTTY\;C:\Users\javih\AppData\Local\Programs\Python\Python312\Scripts\;C:\Users\javih\AppData\Local\Programs\Python\Python312\;C:\Users\javih\AppData\Local\Microsoft\WindowsApps;C:\Users\javih\AppData\Local\Programs\Microsoft VS Code\bin;C:\apache-maven\bin;C:\Program Files\Eclipse Adoptium\jdk-17.0.x\bin;C:\Users\javih\AppData\Roaming\npm;."/>
    <property name="java.vm.info" value="mixed mode, sharing"/>
    <property name="stderr.encoding" value="Cp1252"/>
    <property name="java.vendor" value="Oracle Corporation"/>
    <property name="java.vm.version" value="24+36-3646"/>
    <property name="sun.io.unicode.encoding" value="UnicodeLittle"/>
    <property name="java.class.version" value="68.0"/>
  </properties>
  <testcase name="score1BasedOnRTCarbonNumbers" classname="lipid.ElutionOrderTest" time="0.03">
    <system-out><![CDATA[2025-05-17 12:37:18,974 [main] INFO  Creating RuleUnit
2025-05-17 12:37:18,979 [main] INFO  Insert data
2025-05-17 12:37:18,988 [main] INFO  Run query. Rules are also fired
]]></system-out>
  </testcase>
  <testcase name="negativeScoreBasedOnRTNumberOfCarbons" classname="lipid.ElutionOrderTest" time="0.0">
    <system-out><![CDATA[2025-05-17 12:37:19,015 [main] INFO  Creating RuleUnit
2025-05-17 12:37:19,015 [main] INFO  Insert data
2025-05-17 12:37:19,016 [main] INFO  Run query. Rules are also fired
]]></system-out>
  </testcase>
  <testcase name="negativeScoreBasedOnRTDoubleBonds" classname="lipid.ElutionOrderTest" time="0.0">
    <system-out><![CDATA[2025-05-17 12:37:19,017 [main] INFO  Creating RuleUnit
2025-05-17 12:37:19,017 [main] INFO  Insert data
2025-05-17 12:37:19,017 [main] INFO  Run query. Rules are also fired
]]></system-out>
  </testcase>
  <testcase name="score1BasedOnRTDoubleBonds" classname="lipid.ElutionOrderTest" time="0.003">
    <system-out><![CDATA[2025-05-17 12:37:19,019 [main] INFO  Creating RuleUnit
2025-05-17 12:37:19,019 [main] INFO  Insert data
2025-05-17 12:37:19,020 [main] INFO  Run query. Rules are also fired
]]></system-out>
  </testcase>
  <testcase name="negativeScoreBasedOnLipidType" classname="lipid.ElutionOrderTest" time="0.001">
    <system-out><![CDATA[2025-05-17 12:37:19,021 [main] INFO  Creating RuleUnit
2025-05-17 12:37:19,021 [main] INFO  Insert data
2025-05-17 12:37:19,021 [main] INFO  Run query. Rules are also fired
]]></system-out>
  </testcase>
  <testcase name="score1BasedOnLipidType" classname="lipid.ElutionOrderTest" time="0.002">
    <system-out><![CDATA[2025-05-17 12:37:19,023 [main] INFO  Creating RuleUnit
2025-05-17 12:37:19,023 [main] INFO  Insert data
2025-05-17 12:37:19,023 [main] INFO  Run query. Rules are also fired
]]></system-out>
  </testcase>
</testsuite>